<?xml version="1.0" encoding="UTF-8"?>
<testng-results skipped="0" failed="2" ignored="8" total="16" passed="6">
  <reporter-output>
  </reporter-output>
  <suite name="Suite" duration-ms="168643" started-at="2021-02-01T08:11:00Z" finished-at="2021-02-01T08:13:49Z">
    <groups>
      <group name="regressionTest">
        <method signature="CreateContact.createContactWitORgTest()[pri:0, instance:com.crm.autodesk.contacttest.CreateContact@657c8ad9]" name="createContactWitORgTest" class="com.crm.autodesk.contacttest.CreateContact"/>
        <method signature="ProductTest.createProductWithUnitPRiceTest()[pri:0, instance:com.crm.autodesk.producttest.ProductTest@436a4e4b]" name="createProductWithUnitPRiceTest" class="com.crm.autodesk.producttest.ProductTest"/>
        <method signature="CreateContact.createContactWitORgTest()[pri:0, instance:com.crm.autodesk.contacttest.CreateContact@2cbb3d47]" name="createContactWitORgTest" class="com.crm.autodesk.contacttest.CreateContact"/>
        <method signature="ProductTest.createProductWithUnitPRiceTest()[pri:0, instance:com.crm.autodesk.producttest.ProductTest@527e5409]" name="createProductWithUnitPRiceTest" class="com.crm.autodesk.producttest.ProductTest"/>
      </group> <!-- regressionTest -->
      <group name="smokeTest">
        <method signature="CreateContact.createContactTest()[pri:0, instance:com.crm.autodesk.contacttest.CreateContact@657c8ad9]" name="createContactTest" class="com.crm.autodesk.contacttest.CreateContact"/>
        <method signature="ProductTest.createProductTest()[pri:0, instance:com.crm.autodesk.producttest.ProductTest@436a4e4b]" name="createProductTest" class="com.crm.autodesk.producttest.ProductTest"/>
        <method signature="CreateContact.createContactTest()[pri:0, instance:com.crm.autodesk.contacttest.CreateContact@2cbb3d47]" name="createContactTest" class="com.crm.autodesk.contacttest.CreateContact"/>
        <method signature="ProductTest.createProductTest()[pri:0, instance:com.crm.autodesk.producttest.ProductTest@527e5409]" name="createProductTest" class="com.crm.autodesk.producttest.ProductTest"/>
      </group> <!-- smokeTest -->
    </groups>
    <test name="Test-Runner-2" duration-ms="164406" started-at="2021-02-01T08:11:00Z" finished-at="2021-02-01T08:13:45Z">
      <class name="com.crm.autodesk.producttest.ProductTest">
        <test-method status="PASS" signature="configBCParallel(java.lang.String)[pri:0, instance:com.crm.autodesk.producttest.ProductTest@527e5409]" name="configBCParallel" is-config="true" duration-ms="9435" started-at="2021-02-01T08:12:30Z" finished-at="2021-02-01T08:12:40Z">
          <params>
            <param index="0">
              <value>
                <![CDATA[chrome]]>
              </value>
            </param>
          </params>
          <reporter-output>
          </reporter-output>
        </test-method> <!-- configBCParallel -->
        <test-method status="PASS" signature="configBM()[pri:0, instance:com.crm.autodesk.producttest.ProductTest@527e5409]" name="configBM" is-config="true" duration-ms="4593" started-at="2021-02-01T08:12:40Z" finished-at="2021-02-01T08:12:44Z">
          <reporter-output>
          </reporter-output>
        </test-method> <!-- configBM -->
        <test-method status="PASS" signature="createProductTest()[pri:0, instance:com.crm.autodesk.producttest.ProductTest@527e5409]" name="createProductTest" duration-ms="28867" started-at="2021-02-01T08:12:44Z" finished-at="2021-02-01T08:13:13Z">
          <reporter-output>
          </reporter-output>
        </test-method> <!-- createProductTest -->
        <test-method status="PASS" signature="configAM()[pri:0, instance:com.crm.autodesk.producttest.ProductTest@527e5409]" name="configAM" is-config="true" duration-ms="2084" started-at="2021-02-01T08:13:13Z" finished-at="2021-02-01T08:13:15Z">
          <reporter-output>
          </reporter-output>
        </test-method> <!-- configAM -->
        <test-method status="PASS" signature="configBM()[pri:0, instance:com.crm.autodesk.producttest.ProductTest@527e5409]" name="configBM" is-config="true" duration-ms="4648" started-at="2021-02-01T08:13:15Z" finished-at="2021-02-01T08:13:20Z">
          <reporter-output>
          </reporter-output>
        </test-method> <!-- configBM -->
        <test-method status="PASS" signature="createProductWithUnitPRiceTest()[pri:0, instance:com.crm.autodesk.producttest.ProductTest@527e5409]" name="createProductWithUnitPRiceTest" duration-ms="21305" started-at="2021-02-01T08:13:20Z" finished-at="2021-02-01T08:13:41Z">
          <reporter-output>
          </reporter-output>
        </test-method> <!-- createProductWithUnitPRiceTest -->
        <test-method status="PASS" signature="configAM()[pri:0, instance:com.crm.autodesk.producttest.ProductTest@527e5409]" name="configAM" is-config="true" duration-ms="2498" started-at="2021-02-01T08:13:41Z" finished-at="2021-02-01T08:13:44Z">
          <reporter-output>
          </reporter-output>
        </test-method> <!-- configAM -->
        <test-method status="PASS" signature="configAC()[pri:0, instance:com.crm.autodesk.producttest.ProductTest@527e5409]" name="configAC" is-config="true" duration-ms="1146" started-at="2021-02-01T08:13:44Z" finished-at="2021-02-01T08:13:45Z">
          <reporter-output>
          </reporter-output>
        </test-method> <!-- configAC -->
      </class> <!-- com.crm.autodesk.producttest.ProductTest -->
      <class name="com.crm.autodesk.contacttest.CreateContact">
        <test-method status="PASS" signature="configBS()[pri:0, instance:com.crm.autodesk.contacttest.CreateContact@2cbb3d47]" name="configBS" is-config="true" duration-ms="296" started-at="2021-02-01T08:11:00Z" finished-at="2021-02-01T08:11:00Z">
          <reporter-output>
          </reporter-output>
        </test-method> <!-- configBS -->
        <test-method status="PASS" signature="configBT()[pri:0, instance:com.crm.autodesk.contacttest.CreateContact@2cbb3d47]" name="configBT" is-config="true" duration-ms="0" started-at="2021-02-01T08:11:00Z" finished-at="2021-02-01T08:11:00Z">
          <reporter-output>
          </reporter-output>
        </test-method> <!-- configBT -->
        <test-method status="PASS" signature="configBCParallel(java.lang.String)[pri:0, instance:com.crm.autodesk.contacttest.CreateContact@2cbb3d47]" name="configBCParallel" is-config="true" duration-ms="10700" started-at="2021-02-01T08:11:00Z" finished-at="2021-02-01T08:11:11Z">
          <params>
            <param index="0">
              <value>
                <![CDATA[chrome]]>
              </value>
            </param>
          </params>
          <reporter-output>
          </reporter-output>
        </test-method> <!-- configBCParallel -->
        <test-method status="PASS" signature="configBM()[pri:0, instance:com.crm.autodesk.contacttest.CreateContact@2cbb3d47]" name="configBM" is-config="true" duration-ms="7362" started-at="2021-02-01T08:11:11Z" finished-at="2021-02-01T08:11:18Z">
          <reporter-output>
          </reporter-output>
        </test-method> <!-- configBM -->
        <test-method status="PASS" signature="createContactTest()[pri:0, instance:com.crm.autodesk.contacttest.CreateContact@2cbb3d47]" name="createContactTest" duration-ms="20053" started-at="2021-02-01T08:11:18Z" finished-at="2021-02-01T08:11:39Z">
          <reporter-output>
          </reporter-output>
        </test-method> <!-- createContactTest -->
        <test-method status="PASS" signature="configAM()[pri:0, instance:com.crm.autodesk.contacttest.CreateContact@2cbb3d47]" name="configAM" is-config="true" duration-ms="2520" started-at="2021-02-01T08:11:39Z" finished-at="2021-02-01T08:11:41Z">
          <reporter-output>
          </reporter-output>
        </test-method> <!-- configAM -->
        <test-method status="PASS" signature="configBM()[pri:0, instance:com.crm.autodesk.contacttest.CreateContact@2cbb3d47]" name="configBM" is-config="true" duration-ms="6078" started-at="2021-02-01T08:11:41Z" finished-at="2021-02-01T08:11:47Z">
          <reporter-output>
          </reporter-output>
        </test-method> <!-- configBM -->
        <test-method status="PASS" signature="createContactWitORgTest()[pri:0, instance:com.crm.autodesk.contacttest.CreateContact@2cbb3d47]" name="createContactWitORgTest" duration-ms="40636" started-at="2021-02-01T08:11:47Z" finished-at="2021-02-01T08:12:28Z">
          <reporter-output>
          </reporter-output>
        </test-method> <!-- createContactWitORgTest -->
        <test-method status="PASS" signature="configAM()[pri:0, instance:com.crm.autodesk.contacttest.CreateContact@2cbb3d47]" name="configAM" is-config="true" duration-ms="1517" started-at="2021-02-01T08:12:28Z" finished-at="2021-02-01T08:12:29Z">
          <reporter-output>
          </reporter-output>
        </test-method> <!-- configAM -->
        <test-method status="PASS" signature="configAC()[pri:0, instance:com.crm.autodesk.contacttest.CreateContact@2cbb3d47]" name="configAC" is-config="true" duration-ms="939" started-at="2021-02-01T08:12:29Z" finished-at="2021-02-01T08:12:30Z">
          <reporter-output>
          </reporter-output>
        </test-method> <!-- configAC -->
        <test-method status="PASS" signature="configAT()[pri:0, instance:com.crm.autodesk.contacttest.CreateContact@2cbb3d47]" name="configAT" is-config="true" duration-ms="0" started-at="2021-02-01T08:13:45Z" finished-at="2021-02-01T08:13:45Z">
          <reporter-output>
          </reporter-output>
        </test-method> <!-- configAT -->
        <test-method status="PASS" signature="configAS()[pri:0, instance:com.crm.autodesk.contacttest.CreateContact@2cbb3d47]" name="configAS" is-config="true" duration-ms="13" started-at="2021-02-01T08:13:49Z" finished-at="2021-02-01T08:13:49Z">
          <reporter-output>
          </reporter-output>
        </test-method> <!-- configAS -->
      </class> <!-- com.crm.autodesk.contacttest.CreateContact -->
    </test> <!-- Test-Runner-2 -->
    <test name="Test-Runner-1" duration-ms="168643" started-at="2021-02-01T08:11:00Z" finished-at="2021-02-01T08:13:49Z">
      <class name="com.crm.autodesk.contacttest.CreateContact">
        <test-method status="PASS" signature="configBT()[pri:0, instance:com.crm.autodesk.contacttest.CreateContact@657c8ad9]" name="configBT" is-config="true" duration-ms="0" started-at="2021-02-01T08:11:00Z" finished-at="2021-02-01T08:11:00Z">
          <reporter-output>
          </reporter-output>
        </test-method> <!-- configBT -->
        <test-method status="PASS" signature="configBCParallel(java.lang.String)[pri:0, instance:com.crm.autodesk.contacttest.CreateContact@657c8ad9]" name="configBCParallel" is-config="true" duration-ms="13286" started-at="2021-02-01T08:11:00Z" finished-at="2021-02-01T08:11:14Z">
          <params>
            <param index="0">
              <value>
                <![CDATA[firefox]]>
              </value>
            </param>
          </params>
          <reporter-output>
          </reporter-output>
        </test-method> <!-- configBCParallel -->
        <test-method status="PASS" signature="configBM()[pri:0, instance:com.crm.autodesk.contacttest.CreateContact@657c8ad9]" name="configBM" is-config="true" duration-ms="4059" started-at="2021-02-01T08:11:14Z" finished-at="2021-02-01T08:11:18Z">
          <reporter-output>
          </reporter-output>
        </test-method> <!-- configBM -->
        <test-method status="PASS" signature="createContactTest()[pri:0, instance:com.crm.autodesk.contacttest.CreateContact@657c8ad9]" name="createContactTest" duration-ms="18753" started-at="2021-02-01T08:11:18Z" finished-at="2021-02-01T08:11:37Z">
          <reporter-output>
          </reporter-output>
        </test-method> <!-- createContactTest -->
        <test-method status="PASS" signature="configAM()[pri:0, instance:com.crm.autodesk.contacttest.CreateContact@657c8ad9]" name="configAM" is-config="true" duration-ms="2616" started-at="2021-02-01T08:11:37Z" finished-at="2021-02-01T08:11:39Z">
          <reporter-output>
          </reporter-output>
        </test-method> <!-- configAM -->
        <test-method status="PASS" signature="configBM()[pri:0, instance:com.crm.autodesk.contacttest.CreateContact@657c8ad9]" name="configBM" is-config="true" duration-ms="3776" started-at="2021-02-01T08:11:39Z" finished-at="2021-02-01T08:11:43Z">
          <reporter-output>
          </reporter-output>
        </test-method> <!-- configBM -->
        <test-method status="FAIL" signature="createContactWitORgTest()[pri:0, instance:com.crm.autodesk.contacttest.CreateContact@657c8ad9]" name="createContactWitORgTest" duration-ms="32716" started-at="2021-02-01T08:11:43Z" finished-at="2021-02-01T08:12:16Z">
          <exception class="org.openqa.selenium.InvalidArgumentException">
            <message>
              <![CDATA[Expected "handle" to be a string, got [object Undefined] undefined
Build info: version: '3.141.59', revision: 'e82be7d358', time: '2018-11-14T08:17:03'
System info: host: 'TY-DEEPAK-TR', ip: '10.10.11.182', os.name: 'Windows 10', os.arch: 'amd64', os.version: '10.0', java.version: '1.8.0_161'
Driver info: org.openqa.selenium.firefox.FirefoxDriver
Capabilities {acceptInsecureCerts: true, browserName: firefox, browserVersion: 85.0, javascriptEnabled: true, moz:accessibilityChecks: false, moz:buildID: 20210118153634, moz:geckodriverVersion: 0.24.0, moz:headless: false, moz:processID: 2060, moz:profile: C:\Users\Deepak\AppData\Loc..., moz:shutdownTimeout: 60000, moz:useNonSpecCompliantPointerOrigin: false, moz:webdriverClick: true, pageLoadStrategy: normal, platform: WINDOWS, platformName: WINDOWS, platformVersion: 10.0, rotatable: false, setWindowRect: true, strictFileInteractability: false, timeouts: {implicit: 0, pageLoad: 300000, script: 30000}, unhandledPromptBehavior: dismiss and notify}
Session ID: 5abe9090-bc75-4cb2-a856-b6d0d5d3537c]]>
            </message>
            <full-stacktrace>
              <![CDATA[org.openqa.selenium.InvalidArgumentException: Expected "handle" to be a string, got [object Undefined] undefined
Build info: version: '3.141.59', revision: 'e82be7d358', time: '2018-11-14T08:17:03'
System info: host: 'TY-DEEPAK-TR', ip: '10.10.11.182', os.name: 'Windows 10', os.arch: 'amd64', os.version: '10.0', java.version: '1.8.0_161'
Driver info: org.openqa.selenium.firefox.FirefoxDriver
Capabilities {acceptInsecureCerts: true, browserName: firefox, browserVersion: 85.0, javascriptEnabled: true, moz:accessibilityChecks: false, moz:buildID: 20210118153634, moz:geckodriverVersion: 0.24.0, moz:headless: false, moz:processID: 2060, moz:profile: C:\Users\Deepak\AppData\Loc..., moz:shutdownTimeout: 60000, moz:useNonSpecCompliantPointerOrigin: false, moz:webdriverClick: true, pageLoadStrategy: normal, platform: WINDOWS, platformName: WINDOWS, platformVersion: 10.0, rotatable: false, setWindowRect: true, strictFileInteractability: false, timeouts: {implicit: 0, pageLoad: 300000, script: 30000}, unhandledPromptBehavior: dismiss and notify}
Session ID: 5abe9090-bc75-4cb2-a856-b6d0d5d3537c
at sun.reflect.NativeConstructorAccessorImpl.newInstance0(Native Method)
at sun.reflect.NativeConstructorAccessorImpl.newInstance(NativeConstructorAccessorImpl.java:62)
at sun.reflect.DelegatingConstructorAccessorImpl.newInstance(DelegatingConstructorAccessorImpl.java:45)
at java.lang.reflect.Constructor.newInstance(Constructor.java:423)
at org.openqa.selenium.remote.http.W3CHttpResponseCodec.createException(W3CHttpResponseCodec.java:187)
at org.openqa.selenium.remote.http.W3CHttpResponseCodec.decode(W3CHttpResponseCodec.java:122)
at org.openqa.selenium.remote.http.W3CHttpResponseCodec.decode(W3CHttpResponseCodec.java:49)
at org.openqa.selenium.remote.HttpCommandExecutor.execute(HttpCommandExecutor.java:158)
at org.openqa.selenium.remote.service.DriverCommandExecutor.execute(DriverCommandExecutor.java:83)
at org.openqa.selenium.remote.RemoteWebDriver.execute(RemoteWebDriver.java:552)
at org.openqa.selenium.remote.RemoteWebDriver$RemoteTargetLocator.window(RemoteWebDriver.java:903)
at com.crm.autodesk.genericlib.WebDriverUtiles.swicthToWindow(WebDriverUtiles.java:109)
at com.crm.autodesk.objectrrepositorylib.CreateNewConatct.createConatct(CreateNewConatct.java:59)
at com.crm.autodesk.contacttest.CreateContact.createContactWitORgTest(CreateContact.java:101)
at sun.reflect.NativeMethodAccessorImpl.invoke0(Native Method)
at sun.reflect.NativeMethodAccessorImpl.invoke(NativeMethodAccessorImpl.java:62)
at sun.reflect.DelegatingMethodAccessorImpl.invoke(DelegatingMethodAccessorImpl.java:43)
at java.lang.reflect.Method.invoke(Method.java:498)
at org.testng.internal.MethodInvocationHelper.invokeMethod(MethodInvocationHelper.java:124)
at org.testng.internal.Invoker.invokeMethod(Invoker.java:583)
at org.testng.internal.Invoker.invokeTestMethod(Invoker.java:719)
at org.testng.internal.Invoker.invokeTestMethods(Invoker.java:989)
at org.testng.internal.TestMethodWorker.invokeTestMethods(TestMethodWorker.java:125)
at org.testng.internal.TestMethodWorker.run(TestMethodWorker.java:109)
at org.testng.TestRunner.privateRun(TestRunner.java:648)
at org.testng.TestRunner.run(TestRunner.java:505)
at org.testng.SuiteRunner.runTest(SuiteRunner.java:455)
at org.testng.SuiteRunner.access$000(SuiteRunner.java:40)
at org.testng.SuiteRunner$SuiteWorker.run(SuiteRunner.java:489)
at org.testng.internal.thread.ThreadUtil$1.call(ThreadUtil.java:52)
at java.util.concurrent.FutureTask.run(FutureTask.java:266)
at java.util.concurrent.ThreadPoolExecutor.runWorker(ThreadPoolExecutor.java:1149)
at java.util.concurrent.ThreadPoolExecutor$Worker.run(ThreadPoolExecutor.java:624)
at java.lang.Thread.run(Thread.java:748)
]]>
            </full-stacktrace>
          </exception> <!-- org.openqa.selenium.InvalidArgumentException -->
          <reporter-output>
          </reporter-output>
        </test-method> <!-- createContactWitORgTest -->
        <test-method status="PASS" signature="configAM()[pri:0, instance:com.crm.autodesk.contacttest.CreateContact@657c8ad9]" name="configAM" is-config="true" duration-ms="2691" started-at="2021-02-01T08:12:16Z" finished-at="2021-02-01T08:12:18Z">
          <reporter-output>
          </reporter-output>
        </test-method> <!-- configAM -->
        <test-method status="PASS" signature="configAC()[pri:0, instance:com.crm.autodesk.contacttest.CreateContact@657c8ad9]" name="configAC" is-config="true" duration-ms="4363" started-at="2021-02-01T08:12:18Z" finished-at="2021-02-01T08:12:23Z">
          <reporter-output>
          </reporter-output>
        </test-method> <!-- configAC -->
        <test-method status="PASS" signature="configAT()[pri:0, instance:com.crm.autodesk.contacttest.CreateContact@657c8ad9]" name="configAT" is-config="true" duration-ms="0" started-at="2021-02-01T08:13:49Z" finished-at="2021-02-01T08:13:49Z">
          <reporter-output>
          </reporter-output>
        </test-method> <!-- configAT -->
      </class> <!-- com.crm.autodesk.contacttest.CreateContact -->
      <class name="com.crm.autodesk.producttest.ProductTest">
        <test-method status="PASS" signature="configBCParallel(java.lang.String)[pri:0, instance:com.crm.autodesk.producttest.ProductTest@436a4e4b]" name="configBCParallel" is-config="true" duration-ms="8185" started-at="2021-02-01T08:12:23Z" finished-at="2021-02-01T08:12:31Z">
          <params>
            <param index="0">
              <value>
                <![CDATA[firefox]]>
              </value>
            </param>
          </params>
          <reporter-output>
          </reporter-output>
        </test-method> <!-- configBCParallel -->
        <test-method status="PASS" signature="configBM()[pri:0, instance:com.crm.autodesk.producttest.ProductTest@436a4e4b]" name="configBM" is-config="true" duration-ms="4979" started-at="2021-02-01T08:12:31Z" finished-at="2021-02-01T08:12:36Z">
          <reporter-output>
          </reporter-output>
        </test-method> <!-- configBM -->
        <test-method status="PASS" signature="createProductTest()[pri:0, instance:com.crm.autodesk.producttest.ProductTest@436a4e4b]" name="createProductTest" duration-ms="29002" started-at="2021-02-01T08:12:36Z" finished-at="2021-02-01T08:13:05Z">
          <reporter-output>
          </reporter-output>
        </test-method> <!-- createProductTest -->
        <test-method status="PASS" signature="configAM()[pri:0, instance:com.crm.autodesk.producttest.ProductTest@436a4e4b]" name="configAM" is-config="true" duration-ms="1942" started-at="2021-02-01T08:13:05Z" finished-at="2021-02-01T08:13:07Z">
          <reporter-output>
          </reporter-output>
        </test-method> <!-- configAM -->
        <test-method status="PASS" signature="configBM()[pri:0, instance:com.crm.autodesk.producttest.ProductTest@436a4e4b]" name="configBM" is-config="true" duration-ms="3470" started-at="2021-02-01T08:13:07Z" finished-at="2021-02-01T08:13:10Z">
          <reporter-output>
          </reporter-output>
        </test-method> <!-- configBM -->
        <test-method status="FAIL" signature="createProductWithUnitPRiceTest()[pri:0, instance:com.crm.autodesk.producttest.ProductTest@436a4e4b]" name="createProductWithUnitPRiceTest" duration-ms="17926" started-at="2021-02-01T08:13:10Z" finished-at="2021-02-01T08:13:28Z">
          <exception class="java.lang.AssertionError">
            <message>
              <![CDATA[expected [true] but found [false]]]>
            </message>
            <full-stacktrace>
              <![CDATA[java.lang.AssertionError: expected [true] but found [false]
at org.testng.Assert.fail(Assert.java:96)
at org.testng.Assert.failNotEquals(Assert.java:776)
at org.testng.Assert.assertTrue(Assert.java:44)
at org.testng.Assert.assertTrue(Assert.java:54)
at com.crm.autodesk.producttest.ProductTest.createProductWithUnitPRiceTest(ProductTest.java:75)
at sun.reflect.NativeMethodAccessorImpl.invoke0(Native Method)
at sun.reflect.NativeMethodAccessorImpl.invoke(NativeMethodAccessorImpl.java:62)
at sun.reflect.DelegatingMethodAccessorImpl.invoke(DelegatingMethodAccessorImpl.java:43)
at java.lang.reflect.Method.invoke(Method.java:498)
at org.testng.internal.MethodInvocationHelper.invokeMethod(MethodInvocationHelper.java:124)
at org.testng.internal.Invoker.invokeMethod(Invoker.java:583)
at org.testng.internal.Invoker.invokeTestMethod(Invoker.java:719)
at org.testng.internal.Invoker.invokeTestMethods(Invoker.java:989)
at org.testng.internal.TestMethodWorker.invokeTestMethods(TestMethodWorker.java:125)
at org.testng.internal.TestMethodWorker.run(TestMethodWorker.java:109)
at org.testng.TestRunner.privateRun(TestRunner.java:648)
at org.testng.TestRunner.run(TestRunner.java:505)
at org.testng.SuiteRunner.runTest(SuiteRunner.java:455)
at org.testng.SuiteRunner.access$000(SuiteRunner.java:40)
at org.testng.SuiteRunner$SuiteWorker.run(SuiteRunner.java:489)
at org.testng.internal.thread.ThreadUtil$1.call(ThreadUtil.java:52)
at java.util.concurrent.FutureTask.run(FutureTask.java:266)
at java.util.concurrent.ThreadPoolExecutor.runWorker(ThreadPoolExecutor.java:1149)
at java.util.concurrent.ThreadPoolExecutor$Worker.run(ThreadPoolExecutor.java:624)
at java.lang.Thread.run(Thread.java:748)
]]>
            </full-stacktrace>
          </exception> <!-- java.lang.AssertionError -->
          <reporter-output>
          </reporter-output>
        </test-method> <!-- createProductWithUnitPRiceTest -->
        <test-method status="FAIL" signature="configAM()[pri:0, instance:com.crm.autodesk.producttest.ProductTest@436a4e4b]" name="configAM" is-config="true" duration-ms="20845" started-at="2021-02-01T08:13:28Z" finished-at="2021-02-01T08:13:49Z">
          <exception class="org.openqa.selenium.NoSuchElementException">
            <message>
              <![CDATA[Unable to locate element: Sign Out
For documentation on this error, please visit: https://www.seleniumhq.org/exceptions/no_such_element.html
Build info: version: '3.141.59', revision: 'e82be7d358', time: '2018-11-14T08:17:03'
System info: host: 'TY-DEEPAK-TR', ip: '10.10.11.182', os.name: 'Windows 10', os.arch: 'amd64', os.version: '10.0', java.version: '1.8.0_161'
Driver info: org.openqa.selenium.firefox.FirefoxDriver
Capabilities {acceptInsecureCerts: true, browserName: firefox, browserVersion: 85.0, javascriptEnabled: true, moz:accessibilityChecks: false, moz:buildID: 20210118153634, moz:geckodriverVersion: 0.24.0, moz:headless: false, moz:processID: 18140, moz:profile: C:\Users\Deepak\AppData\Loc..., moz:shutdownTimeout: 60000, moz:useNonSpecCompliantPointerOrigin: false, moz:webdriverClick: true, pageLoadStrategy: normal, platform: WINDOWS, platformName: WINDOWS, platformVersion: 10.0, rotatable: false, setWindowRect: true, strictFileInteractability: false, timeouts: {implicit: 0, pageLoad: 300000, script: 30000}, unhandledPromptBehavior: dismiss and notify}
Session ID: 232af6d8-e18d-427d-8b5d-f18af9ac1254
*** Element info: {Using=link text, value=Sign Out}]]>
            </message>
            <full-stacktrace>
              <![CDATA[org.openqa.selenium.NoSuchElementException: Unable to locate element: Sign Out
For documentation on this error, please visit: https://www.seleniumhq.org/exceptions/no_such_element.html
Build info: version: '3.141.59', revision: 'e82be7d358', time: '2018-11-14T08:17:03'
System info: host: 'TY-DEEPAK-TR', ip: '10.10.11.182', os.name: 'Windows 10', os.arch: 'amd64', os.version: '10.0', java.version: '1.8.0_161'
Driver info: org.openqa.selenium.firefox.FirefoxDriver
Capabilities {acceptInsecureCerts: true, browserName: firefox, browserVersion: 85.0, javascriptEnabled: true, moz:accessibilityChecks: false, moz:buildID: 20210118153634, moz:geckodriverVersion: 0.24.0, moz:headless: false, moz:processID: 18140, moz:profile: C:\Users\Deepak\AppData\Loc..., moz:shutdownTimeout: 60000, moz:useNonSpecCompliantPointerOrigin: false, moz:webdriverClick: true, pageLoadStrategy: normal, platform: WINDOWS, platformName: WINDOWS, platformVersion: 10.0, rotatable: false, setWindowRect: true, strictFileInteractability: false, timeouts: {implicit: 0, pageLoad: 300000, script: 30000}, unhandledPromptBehavior: dismiss and notify}
Session ID: 232af6d8-e18d-427d-8b5d-f18af9ac1254
*** Element info: {Using=link text, value=Sign Out}
at sun.reflect.NativeConstructorAccessorImpl.newInstance0(Native Method)
at sun.reflect.NativeConstructorAccessorImpl.newInstance(NativeConstructorAccessorImpl.java:62)
at sun.reflect.DelegatingConstructorAccessorImpl.newInstance(DelegatingConstructorAccessorImpl.java:45)
at java.lang.reflect.Constructor.newInstance(Constructor.java:423)
at org.openqa.selenium.remote.http.W3CHttpResponseCodec.createException(W3CHttpResponseCodec.java:187)
at org.openqa.selenium.remote.http.W3CHttpResponseCodec.decode(W3CHttpResponseCodec.java:122)
at org.openqa.selenium.remote.http.W3CHttpResponseCodec.decode(W3CHttpResponseCodec.java:49)
at org.openqa.selenium.remote.HttpCommandExecutor.execute(HttpCommandExecutor.java:158)
at org.openqa.selenium.remote.service.DriverCommandExecutor.execute(DriverCommandExecutor.java:83)
at org.openqa.selenium.remote.RemoteWebDriver.execute(RemoteWebDriver.java:552)
at org.openqa.selenium.remote.RemoteWebDriver.findElement(RemoteWebDriver.java:323)
at org.openqa.selenium.remote.RemoteWebDriver.findElementByLinkText(RemoteWebDriver.java:380)
at org.openqa.selenium.By$ByLinkText.findElement(By.java:220)
at org.openqa.selenium.remote.RemoteWebDriver.findElement(RemoteWebDriver.java:315)
at org.openqa.selenium.support.pagefactory.DefaultElementLocator.findElement(DefaultElementLocator.java:69)
at org.openqa.selenium.support.pagefactory.internal.LocatingElementHandler.invoke(LocatingElementHandler.java:38)
at com.sun.proxy.$Proxy16.click(Unknown Source)
at com.crm.autodesk.objectrrepositorylib.Home.logout(Home.java:62)
at com.crm.autodesk.genericlib.BaseClass.configAM(BaseClass.java:98)
at sun.reflect.NativeMethodAccessorImpl.invoke0(Native Method)
at sun.reflect.NativeMethodAccessorImpl.invoke(NativeMethodAccessorImpl.java:62)
at sun.reflect.DelegatingMethodAccessorImpl.invoke(DelegatingMethodAccessorImpl.java:43)
at java.lang.reflect.Method.invoke(Method.java:498)
at org.testng.internal.MethodInvocationHelper.invokeMethod(MethodInvocationHelper.java:124)
at org.testng.internal.MethodInvocationHelper.invokeMethodConsideringTimeout(MethodInvocationHelper.java:59)
at org.testng.internal.Invoker.invokeConfigurationMethod(Invoker.java:458)
at org.testng.internal.Invoker.invokeConfigurations(Invoker.java:222)
at org.testng.internal.Invoker.invokeMethod(Invoker.java:646)
at org.testng.internal.Invoker.invokeTestMethod(Invoker.java:719)
at org.testng.internal.Invoker.invokeTestMethods(Invoker.java:989)
at org.testng.internal.TestMethodWorker.invokeTestMethods(TestMethodWorker.java:125)
at org.testng.internal.TestMethodWorker.run(TestMethodWorker.java:109)
at org.testng.TestRunner.privateRun(TestRunner.java:648)
at org.testng.TestRunner.run(TestRunner.java:505)
at org.testng.SuiteRunner.runTest(SuiteRunner.java:455)
at org.testng.SuiteRunner.access$000(SuiteRunner.java:40)
at org.testng.SuiteRunner$SuiteWorker.run(SuiteRunner.java:489)
at org.testng.internal.thread.ThreadUtil$1.call(ThreadUtil.java:52)
at java.util.concurrent.FutureTask.run(FutureTask.java:266)
at java.util.concurrent.ThreadPoolExecutor.runWorker(ThreadPoolExecutor.java:1149)
at java.util.concurrent.ThreadPoolExecutor$Worker.run(ThreadPoolExecutor.java:624)
at java.lang.Thread.run(Thread.java:748)
]]>
            </full-stacktrace>
          </exception> <!-- org.openqa.selenium.NoSuchElementException -->
          <reporter-output>
          </reporter-output>
        </test-method> <!-- configAM -->
        <test-method status="SKIP" signature="configAC()[pri:0, instance:com.crm.autodesk.producttest.ProductTest@436a4e4b]" name="configAC" is-config="true" duration-ms="0" started-at="2021-02-01T08:13:49Z" finished-at="2021-02-01T08:13:49Z">
          <reporter-output>
          </reporter-output>
        </test-method> <!-- configAC -->
      </class> <!-- com.crm.autodesk.producttest.ProductTest -->
    </test> <!-- Test-Runner-1 -->
  </suite> <!-- Suite -->
</testng-results>
